cycle 0
$0: 0x00000000
$1: 0x00000000
$2: 0x00000000
$3: 0x00000000
$4: 0x00000000
$5: 0x00000000
$6: 0x00000000
$7: 0x00000000
$8: 0x00000000
$9: 0x00000000
$10: 0x00000000
$11: 0x00000000
$12: 0x00000000
$13: 0x00000000
$14: 0x00000000
$15: 0x00000000
$16: 0x00000000
$17: 0x00000000
$18: 0x00000000
$19: 0x00000000
$20: 0x00000000
$21: 0x00000000
$22: 0x00000000
$23: 0x00000000
$24: 0x00000000
$25: 0x00000000
$26: 0x00000000
$27: 0x00000000
$28: 0x00000000
$29: 0x00000000
$30: 0x00000000
$31: 0x00000000
PC: 0x00000000
IF: 0x8C620000
ID: NOP
EX: NOP
DM: NOP
WB: NOP


cycle 1
$0: 0x00000000
$1: 0x00000000
$2: 0x00000000
$3: 0x00000000
$4: 0x00000000
$5: 0x00000000
$6: 0x00000000
$7: 0x00000000
$8: 0x00000000
$9: 0x00000000
$10: 0x00000000
$11: 0x00000000
$12: 0x00000000
$13: 0x00000000
$14: 0x00000000
$15: 0x00000000
$16: 0x00000000
$17: 0x00000000
$18: 0x00000000
$19: 0x00000000
$20: 0x00000000
$21: 0x00000000
$22: 0x00000000
$23: 0x00000000
$24: 0x00000000
$25: 0x00000000
$26: 0x00000000
$27: 0x00000000
$28: 0x00000000
$29: 0x00000000
$30: 0x00000000
$31: 0x00000000
PC: 0x00000004
IF: 0x00241825
ID: LW
EX: NOP
DM: NOP
WB: NOP


cycle 2
$0: 0x00000000
$1: 0x00000000
$2: 0x00000000
$3: 0x00000000
$4: 0x00000000
$5: 0x00000000
$6: 0x00000000
$7: 0x00000000
$8: 0x00000000
$9: 0x00000000
$10: 0x00000000
$11: 0x00000000
$12: 0x00000000
$13: 0x00000000
$14: 0x00000000
$15: 0x00000000
$16: 0x00000000
$17: 0x00000000
$18: 0x00000000
$19: 0x00000000
$20: 0x00000000
$21: 0x00000000
$22: 0x00000000
$23: 0x00000000
$24: 0x00000000
$25: 0x00000000
$26: 0x00000000
$27: 0x00000000
$28: 0x00000000
$29: 0x00000000
$30: 0x00000000
$31: 0x00000000
PC: 0x00000008
IF: 0x10430001
ID: OR
EX: LW
DM: NOP
WB: NOP


cycle 3
$0: 0x00000000
$1: 0x00000000
$2: 0x00000000
$3: 0x00000000
$4: 0x00000000
$5: 0x00000000
$6: 0x00000000
$7: 0x00000000
$8: 0x00000000
$9: 0x00000000
$10: 0x00000000
$11: 0x00000000
$12: 0x00000000
$13: 0x00000000
$14: 0x00000000
$15: 0x00000000
$16: 0x00000000
$17: 0x00000000
$18: 0x00000000
$19: 0x00000000
$20: 0x00000000
$21: 0x00000000
$22: 0x00000000
$23: 0x00000000
$24: 0x00000000
$25: 0x00000000
$26: 0x00000000
$27: 0x00000000
$28: 0x00000000
$29: 0x00000000
$30: 0x00000000
$31: 0x00000000
PC: 0x0000000C
IF: 0x00200824
ID: BEQ
EX: OR
DM: LW
WB: NOP


cycle 4
$0: 0x00000000
$1: 0x00000000
$2: 0x00000000
$3: 0x00000000
$4: 0x00000000
$5: 0x00000000
$6: 0x00000000
$7: 0x00000000
$8: 0x00000000
$9: 0x00000000
$10: 0x00000000
$11: 0x00000000
$12: 0x00000000
$13: 0x00000000
$14: 0x00000000
$15: 0x00000000
$16: 0x00000000
$17: 0x00000000
$18: 0x00000000
$19: 0x00000000
$20: 0x00000000
$21: 0x00000000
$22: 0x00000000
$23: 0x00000000
$24: 0x00000000
$25: 0x00000000
$26: 0x00000000
$27: 0x00000000
$28: 0x00000000
$29: 0x00000000
$30: 0x00000000
$31: 0x00000000
PC: 0x00000010
IF: 0xFFFFFFFF
ID: AND
EX: BEQ
DM: OR
WB: LW


cycle 5
$0: 0x00000000
$1: 0x00000000
$2: 0x00000000
$3: 0x00000000
$4: 0x00000000
$5: 0x00000000
$6: 0x00000000
$7: 0x00000000
$8: 0x00000000
$9: 0x00000000
$10: 0x00000000
$11: 0x00000000
$12: 0x00000000
$13: 0x00000000
$14: 0x00000000
$15: 0x00000000
$16: 0x00000000
$17: 0x00000000
$18: 0x00000000
$19: 0x00000000
$20: 0x00000000
$21: 0x00000000
$22: 0x00000000
$23: 0x00000000
$24: 0x00000000
$25: 0x00000000
$26: 0x00000000
$27: 0x00000000
$28: 0x00000000
$29: 0x00000000
$30: 0x00000000
$31: 0x00000000
PC: 0x00000014
IF: 0xFFFFFFFF
ID: HALT
EX: AND
DM: BEQ
WB: OR


cycle 6
$0: 0x00000000
$1: 0x00000000
$2: 0x00000000
$3: 0x00000000
$4: 0x00000000
$5: 0x00000000
$6: 0x00000000
$7: 0x00000000
$8: 0x00000000
$9: 0x00000000
$10: 0x00000000
$11: 0x00000000
$12: 0x00000000
$13: 0x00000000
$14: 0x00000000
$15: 0x00000000
$16: 0x00000000
$17: 0x00000000
$18: 0x00000000
$19: 0x00000000
$20: 0x00000000
$21: 0x00000000
$22: 0x00000000
$23: 0x00000000
$24: 0x00000000
$25: 0x00000000
$26: 0x00000000
$27: 0x00000000
$28: 0x00000000
$29: 0x00000000
$30: 0x00000000
$31: 0x00000000
PC: 0x00000018
IF: 0xFFFFFFFF
ID: HALT
EX: HALT
DM: AND
WB: BEQ


cycle 7
$0: 0x00000000
$1: 0x00000000
$2: 0x00000000
$3: 0x00000000
$4: 0x00000000
$5: 0x00000000
$6: 0x00000000
$7: 0x00000000
$8: 0x00000000
$9: 0x00000000
$10: 0x00000000
$11: 0x00000000
$12: 0x00000000
$13: 0x00000000
$14: 0x00000000
$15: 0x00000000
$16: 0x00000000
$17: 0x00000000
$18: 0x00000000
$19: 0x00000000
$20: 0x00000000
$21: 0x00000000
$22: 0x00000000
$23: 0x00000000
$24: 0x00000000
$25: 0x00000000
$26: 0x00000000
$27: 0x00000000
$28: 0x00000000
$29: 0x00000000
$30: 0x00000000
$31: 0x00000000
PC: 0x0000001C
IF: 0xFFFFFFFF
ID: HALT
EX: HALT
DM: HALT
WB: AND


cycle 8
$0: 0x00000000
$1: 0x00000000
$2: 0x00000000
$3: 0x00000000
$4: 0x00000000
$5: 0x00000000
$6: 0x00000000
$7: 0x00000000
$8: 0x00000000
$9: 0x00000000
$10: 0x00000000
$11: 0x00000000
$12: 0x00000000
$13: 0x00000000
$14: 0x00000000
$15: 0x00000000
$16: 0x00000000
$17: 0x00000000
$18: 0x00000000
$19: 0x00000000
$20: 0x00000000
$21: 0x00000000
$22: 0x00000000
$23: 0x00000000
$24: 0x00000000
$25: 0x00000000
$26: 0x00000000
$27: 0x00000000
$28: 0x00000000
$29: 0x00000000
$30: 0x00000000
$31: 0x00000000
PC: 0x00000020
IF: 0xFFFFFFFF
ID: HALT
EX: HALT
DM: HALT
WB: HALT


